<?xml version="1.0" encoding="UTF-8"?>
<!-- Generated by org.testng.reporters.JUnitXMLReporter -->
<testsuite ignored="0" hostname="D-AbuHadwan" failures="1" tests="1" name="Test" time="15.363" errors="0" timestamp="2025-10-01T16:09:33 EEST">
  <testcase classname="TestCases.TestItem" name="testA" time="8.477">
    <failure type="java.lang.NullPointerException" message="Cannot invoke &amp;quot;org.openqa.selenium.WebElement.getAttribute(String)&amp;quot; because the return value of &amp;quot;Classes.DriverMethods._getActiveWindow()&amp;quot; is null">
      <![CDATA[java.lang.NullPointerException: Cannot invoke "org.openqa.selenium.WebElement.getAttribute(String)" because the return value of "Classes.DriverMethods._getActiveWindow()" is null
at Classes.DriverMethods.waitForCurrentWindow(DriverMethods.java:113)
at Pages.LogIn.logIn(LogIn.java:27)
at TestCases.TestItem.testA(TestItem.java:40)
at java.base/java.util.ArrayList.forEach(ArrayList.java:1511)
... Removed 27 stack frames]]>
    </failure>
  </testcase> <!-- testA -->
</testsuite> <!-- Test -->
