<?xml version="1.0" encoding="UTF-8"?>
<!-- Generated by org.testng.reporters.JUnitXMLReporter -->
<testsuite ignored="0" hostname="D-AbuHadwan" failures="1" tests="1" name="Test" time="17.883" errors="0" timestamp="2025-10-01T16:30:08 EEST">
  <testcase classname="TestCases.TestItem" name="testA" time="14.034">
    <failure type="org.openqa.selenium.ElementClickInterceptedException" message="element click intercepted: Element &amp;lt;a class=&amp;quot;x-tab BTabBtn x-unselectable x-box-item x-ltr x-tab-default x-top x-tab-top x-tab-default-top&amp;quot; style=&amp;quot;background-color: transparent; border: none; box-shadow: none; height: 28px; right: auto; left: 157px; top: 0px; margin: 0px;&amp;quot; hidefocus=&amp;quot;on&amp;quot; unselectable=&amp;quot;on&amp;quot; role=&amp;quot;tab&amp;quot; aria-hidden=&amp;quot;false&amp;quot; aria-disabled=&amp;quot;false&amp;quot; aria-selected=&amp;quot;false&amp;quot; id=&amp;quot;tab-1597&amp;quot; tabindex=&amp;quot;-1&amp;quot; data-componentid=&amp;quot;tab-1597&amp;quot; name=&amp;quot;CONTAINER_itemPrice&amp;quot;&amp;gt;...&amp;lt;/a&amp;gt; is not clickable at point (278, 210). Other element would receive the click: &amp;lt;div role=&amp;quot;presentation&amp;quot; class=&amp;quot;x-mask x-border-box&amp;quot; style=&amp;quot;height: 893px; width: 1920px; z-index: 18996; right: auto; left: 0px; top: 0px;&amp;quot; id=&amp;quot;ext-element-58&amp;quot;&amp;gt;&amp;lt;/div&amp;gt;
  (Session info: chrome=141.0.7390.55)
Build info: version: &amp;apos;4.23.0&amp;apos;, revision: &amp;apos;4df0a231af&amp;apos;
System info: os.name: &amp;apos;Windows 11&amp;apos;, os.arch: &amp;apos;amd64&amp;apos;, os.version: &amp;apos;10.0&amp;apos;, java.version: &amp;apos;17.0.10&amp;apos;
Driver info: org.openqa.selenium.chrome.ChromeDriver
Command: [c43d1b7a4416fc12fab85489e62f71aa, clickElement {id=f.2842F25AA1C408174CCD4BC60747A496.d.7BCB559760D26BAA16E67AF3273B1F3F.e.229}]
Capabilities {acceptInsecureCerts: false, browserName: chrome, browserVersion: 141.0.7390.55, chrome: {chromedriverVersion: 141.0.7390.54 (b95610d5c4a5..., userDataDir: C:\Users\DEDA2~1.ABU\AppDat...}, fedcm:accounts: true, goog:chromeOptions: {debuggerAddress: localhost:55712}, networkConnectionEnabled: false, pageLoadStrategy: normal, platformName: windows, proxy: Proxy(), se:cdp: ws://localhost:55712/devtoo..., se:cdpVersion: 141.0.7390.55, setWindowRect: true, strictFileInteractability: false, timeouts: {implicit: 0, pageLoad: 300000, script: 30000}, unhandledPromptBehavior: dismiss and notify, webauthn:extension:credBlob: true, webauthn:extension:largeBlob: true, webauthn:extension:minPinLength: true, webauthn:extension:prf: true, webauthn:virtualAuthenticators: true}
Element: [[ChromeDriver: chrome on windows (c43d1b7a4416fc12fab85489e62f71aa)] -&amp;gt; name: CONTAINER_itemPrice]
Session ID: c43d1b7a4416fc12fab85489e62f71aa">
      <![CDATA[org.openqa.selenium.ElementClickInterceptedException: element click intercepted: Element <a class="x-tab BTabBtn x-unselectable x-box-item x-ltr x-tab-default x-top x-tab-top x-tab-default-top" style="background-color: transparent; border: none; box-shadow: none; height: 28px; right: auto; left: 157px; top: 0px; margin: 0px;" hidefocus="on" unselectable="on" role="tab" aria-hidden="false" aria-disabled="false" aria-selected="false" id="tab-1597" tabindex="-1" data-componentid="tab-1597" name="CONTAINER_itemPrice">...</a> is not clickable at point (278, 210). Other element would receive the click: <div role="presentation" class="x-mask x-border-box" style="height: 893px; width: 1920px; z-index: 18996; right: auto; left: 0px; top: 0px;" id="ext-element-58"></div>
  (Session info: chrome=141.0.7390.55)
Build info: version: '4.23.0', revision: '4df0a231af'
System info: os.name: 'Windows 11', os.arch: 'amd64', os.version: '10.0', java.version: '17.0.10'
Driver info: org.openqa.selenium.chrome.ChromeDriver
Command: [c43d1b7a4416fc12fab85489e62f71aa, clickElement {id=f.2842F25AA1C408174CCD4BC60747A496.d.7BCB559760D26BAA16E67AF3273B1F3F.e.229}]
Capabilities {acceptInsecureCerts: false, browserName: chrome, browserVersion: 141.0.7390.55, chrome: {chromedriverVersion: 141.0.7390.54 (b95610d5c4a5..., userDataDir: C:\Users\DEDA2~1.ABU\AppDat...}, fedcm:accounts: true, goog:chromeOptions: {debuggerAddress: localhost:55712}, networkConnectionEnabled: false, pageLoadStrategy: normal, platformName: windows, proxy: Proxy(), se:cdp: ws://localhost:55712/devtoo..., se:cdpVersion: 141.0.7390.55, setWindowRect: true, strictFileInteractability: false, timeouts: {implicit: 0, pageLoad: 300000, script: 30000}, unhandledPromptBehavior: dismiss and notify, webauthn:extension:credBlob: true, webauthn:extension:largeBlob: true, webauthn:extension:minPinLength: true, webauthn:extension:prf: true, webauthn:virtualAuthenticators: true}
Element: [[ChromeDriver: chrome on windows (c43d1b7a4416fc12fab85489e62f71aa)] -> name: CONTAINER_itemPrice]
Session ID: c43d1b7a4416fc12fab85489e62f71aa
at org.openqa.selenium.remote.ErrorCodec.decode(ErrorCodec.java:167)
at org.openqa.selenium.remote.codec.w3c.W3CHttpResponseCodec.decode(W3CHttpResponseCodec.java:138)
at org.openqa.selenium.remote.codec.w3c.W3CHttpResponseCodec.decode(W3CHttpResponseCodec.java:50)
at org.openqa.selenium.remote.HttpCommandExecutor.execute(HttpCommandExecutor.java:190)
at org.openqa.selenium.remote.service.DriverCommandExecutor.invokeExecute(DriverCommandExecutor.java:216)
at org.openqa.selenium.remote.service.DriverCommandExecutor.execute(DriverCommandExecutor.java:174)
at org.openqa.selenium.remote.RemoteWebDriver.execute(RemoteWebDriver.java:527)
at org.openqa.selenium.remote.RemoteWebElement.execute(RemoteWebElement.java:223)
at org.openqa.selenium.remote.RemoteWebElement.click(RemoteWebElement.java:76)
at Classes.DriverMethods.click(DriverMethods.java:41)
at Item.ItemPriceTab.fillTab(ItemPriceTab.java:21)
at TestCases.TestItem.testA(TestItem.java:53)
at java.base/java.util.ArrayList.forEach(ArrayList.java:1511)
... Removed 32 stack frames]]>
    </failure>
  </testcase> <!-- testA -->
</testsuite> <!-- Test -->
